
ASEM-51 V1.3                                         Copyright (c) 2002 by W.W. Heinz                                         PAGE 1





       MCS-51 Family Macro Assembler   A S E M - 5 1   V 1.3
       =====================================================



	Source File:	pratica1.asm
	Object File:	pratica1.hex
	List File:	pratica1.lst



 Line  I  Addr  Code            Source

    1:				;*********************************************************
    2:				; Prática 1                                              *
    3:				; Acionamento sequencial de oito leds ligados à porta P2 *
    4:				; Programador: Francisco Edno                            *
    5:				;*********************************************************
    6:
    7:		D      00A0	LED	EQU	P2					; Atribui P2 à LED
    8:
    9:	  0000	75 A0 FE	INICIO:	MOV	P2, #(NOT (1 SHL 0))
   10:	  0003	11 33			ACALL	T_1S
   11:
   12:	  0005	75 A0 FD		MOV	P2, #(NOT (1 SHL 1))
   13:	  0008	11 33			ACALL	T_1S
   14:
   15:	  000A	75 A0 FB		MOV	P2, #(NOT (1 SHL 2))
   16:	  000D	11 33			ACALL	T_1S
   17:
   18:	  000F	75 A0 F7		MOV	P2, #(NOT (1 SHL 3))
   19:	  0012	11 33			ACALL	T_1S
   20:
   21:	  0014	75 A0 EF		MOV	P2, #(NOT (1 SHL 4))
   22:	  0017	11 33			ACALL	T_1S
   23:
   24:	  0019	75 A0 DF		MOV	P2, #(NOT (1 SHL 5))
   25:	  001C	11 33			ACALL	T_1S
   26:
   27:	  001E	75 A0 BF		MOV	P2, #(NOT (1 SHL 6))
   28:	  0021	11 33			ACALL	T_1S
   29:
   30:	  0023	75 A0 7F		MOV	P2, #(NOT (1 SHL 7))
   31:	  0026	11 33			ACALL	T_1S
   32:
   33:	  0028	01 00			AJMP	INICIO
   34:
   35:				;********************************************************
   36:				; TEMPO							*
   37:				;********************************************************
   38:	  002A	78 FF		TEMPO:	MOV	R0, #255
   39:	  002C	79 FF		DENOVO:	MOV	R1, #255
   40:
   41:	  002E	D9 FE			DJNZ	R1,$
   42:	  0030	D8 FA			DJNZ	R0,DENOVO
   43:

ASEM-51 V1.3                                         Copyright (c) 2002 by W.W. Heinz                                         PAGE 2



 Line  I  Addr  Code            Source

   44:	  0032	22			RET
   45:				;********************************************************
   46:
   47:				;********************************************************
   48:				; T_1S
   49:				;********************************************************
   50:	  0033	7A 08		T_1S:	MOV 	R2, #8
   51:	  0035	11 2A		T_1S_D:	ACALL	TEMPO
   52:	  0037	DA FC			DJNZ	R2, T_1S_D
   53:
   54:	  0039	22			RET
   55:				;********************************************************
   56:
   57:					END





                     register banks used:  ---

                     no errors




ASEM-51 V1.3                                         Copyright (c) 2002 by W.W. Heinz                                         PAGE 3





	       L I S T   O F   S Y M B O L S
	       =============================


SYMBOL				  TYPE     VALUE	LINE
------------------------------------------------------------
??ASEM_51			  NUMBER    8051
??VERSION			  NUMBER    0130
AC				  BIT	      D6
ACC				  DATA	      E0
B				  DATA	      F0
CY				  BIT	      D7
DENOVO				  CODE	    002C	  39
DPH				  DATA	      83
DPL				  DATA	      82
EA				  BIT	      AF
ES				  BIT	      AC
ET0				  BIT	      A9
ET1				  BIT	      AB
EX0				  BIT	      A8
EX1				  BIT	      AA
EXTI0				  CODE	    0003
EXTI1				  CODE	    0013
F0				  BIT	      D5
IE				  DATA	      A8
IE0				  BIT	      89
IE1				  BIT	      8B
INICIO				  CODE	    0000	   9
INT0				  BIT	      B2
INT1				  BIT	      B3
IP				  DATA	      B8
IT0				  BIT	      88
IT1				  BIT	      8A
LED				  NUMBER    00A0	   7
OV				  BIT	      D2
P				  BIT	      D0
P0				  DATA	      80
P1				  DATA	      90
P2				  DATA	      A0
P3				  DATA	      B0
PCON				  DATA	      87
PS				  BIT	      BC
PSW				  DATA	      D0
PT0				  BIT	      B9
PT1				  BIT	      BB
PX0				  BIT	      B8
PX1				  BIT	      BA
RB8				  BIT	      9A
RD				  BIT	      B7
REN				  BIT	      9C
RESET				  CODE	    0000
RI				  BIT	      98
RS0				  BIT	      D3
RS1				  BIT	      D4
RXD				  BIT	      B0
SBUF				  DATA	      99

ASEM-51 V1.3                                         Copyright (c) 2002 by W.W. Heinz                                         PAGE 4



SYMBOL				  TYPE     VALUE	LINE
------------------------------------------------------------
SCON				  DATA	      98
SINT				  CODE	    0023
SM0				  BIT	      9F
SM1				  BIT	      9E
SM2				  BIT	      9D
SP				  DATA	      81
T0				  BIT	      B4
T1				  BIT	      B5
TB8				  BIT	      9B
TCON				  DATA	      88
TEMPO				  CODE	    002A	  38
TF0				  BIT	      8D
TF1				  BIT	      8F
TH0				  DATA	      8C
TH1				  DATA	      8D
TI				  BIT	      99
TIMER0				  CODE	    000B
TIMER1				  CODE	    001B
TL0				  DATA	      8A
TL1				  DATA	      8B
TMOD				  DATA	      89
TR0				  BIT	      8C
TR1				  BIT	      8E
TXD				  BIT	      B1
T_1S				  CODE	    0033	  50
T_1S_D				  CODE	    0035	  51
WR				  BIT	      B6
